服务以启动
/login.html
/login.js
/2.jpg
/getData
服务以启动
服务以启动
服务以启动
服务以启动
服务以启动
服务以启动
服务以启动
服务以启动
服务以启动
服务以启动
服务以启动
服务以启动
服务以启动
服务以启动
服务以启动
服务以启动
服务以启动
服务以启动
服务以启动
服务以启动
服务以启动
服务以启动
服务以启动
服务以启动
服务以启动
服务以启动
服务以启动
服务以启动
服务以启动
服务以启动
服务以启动
服务以启动
服务以启动
服务以启动
服务以启动
服务以启动
服务以启动
服务以启动
服务以启动
服务以启动
服务以启动
服务以启动
服务以启动
服务以启动
服务以启动
服务以启动
服务以启动
服务以启动
服务以启动
服务以启动
服务以启动
服务以启动
服务以启动
服务以启动
服务以启动
服务以启动
服务以启动
服务以启动
服务以启动
服务以启动
服务以启动
服务以启动
服务以启动
服务以启动
服务以启动
服务以启动
服务以启动
服务以启动
服务以启动
服务以启动
服务以启动
服务以启动
服务以启动
服务以启动
服务以启动
服务以启动
服务以启动
服务以启动
服务以启动
服务以启动
